{"D:\\inventory-management\\db\\dbConfig.js": {"path":"D:\\inventory-management\\db\\dbConfig.js","statementMap":{"0":{"start":{"line":1,"column":17},"end":{"line":1,"column":36}},"1":{"start":{"line":3,"column":0},"end":{"line":3,"column":132}},"2":{"start":{"line":3,"column":106},"end":{"line":3,"column":130}},"3":{"start":{"line":5,"column":23},"end":{"line":34,"column":2}},"4":{"start":{"line":36,"column":23},"end":{"line":53,"column":2}},"5":{"start":{"line":55,"column":24},"end":{"line":72,"column":2}},"6":{"start":{"line":74,"column":16},"end":{"line":74,"column":61}},"7":{"start":{"line":75,"column":0},"end":{"line":75,"column":33}},"8":{"start":{"line":77,"column":16},"end":{"line":77,"column":61}},"9":{"start":{"line":78,"column":0},"end":{"line":78,"column":33}},"10":{"start":{"line":80,"column":17},"end":{"line":80,"column":64}},"11":{"start":{"line":81,"column":0},"end":{"line":81,"column":35}},"12":{"start":{"line":83,"column":0},"end":{"line":87,"column":1}}},"fnMap":{"0":{"name":"(anonymous_0)","decl":{"start":{"line":3,"column":99},"end":{"line":3,"column":100}},"loc":{"start":{"line":3,"column":105},"end":{"line":3,"column":131}},"line":3}},"branchMap":{},"s":{"0":1,"1":1,"2":1,"3":1,"4":1,"5":1,"6":1,"7":1,"8":1,"9":1,"10":1,"11":1,"12":1},"f":{"0":1},"b":{},"_coverageSchema":"1a1c01bbd47fc00a2c39e90264f33305004495a9","hash":"006b6ad1a58958f8b265e340580d35704eda3cbe"}
,"D:\\inventory-management\\services\\getFeaturesCategories.js": {"path":"D:\\inventory-management\\services\\getFeaturesCategories.js","statementMap":{"0":{"start":{"line":2,"column":11},"end":{"line":2,"column":39}},"1":{"start":{"line":6,"column":16},"end":{"line":25,"column":1}},"2":{"start":{"line":7,"column":1},"end":{"line":24,"column":4}},"3":{"start":{"line":8,"column":3},"end":{"line":22,"column":4}},"4":{"start":{"line":9,"column":20},"end":{"line":9,"column":45}},"5":{"start":{"line":10,"column":22},"end":{"line":10,"column":46}},"6":{"start":{"line":13,"column":16},"end":{"line":16,"column":4}},"7":{"start":{"line":18,"column":3},"end":{"line":18,"column":16}},"8":{"start":{"line":21,"column":3},"end":{"line":21,"column":14}},"9":{"start":{"line":28,"column":0},"end":{"line":30,"column":1}}},"fnMap":{"0":{"name":"(anonymous_0)","decl":{"start":{"line":6,"column":16},"end":{"line":6,"column":17}},"loc":{"start":{"line":6,"column":22},"end":{"line":25,"column":1}},"line":6},"1":{"name":"(anonymous_1)","decl":{"start":{"line":7,"column":20},"end":{"line":7,"column":21}},"loc":{"start":{"line":7,"column":47},"end":{"line":24,"column":3}},"line":7}},"branchMap":{},"s":{"0":1,"1":1,"2":1,"3":1,"4":1,"5":1,"6":1,"7":1,"8":0,"9":1},"f":{"0":1,"1":1},"b":{},"_coverageSchema":"1a1c01bbd47fc00a2c39e90264f33305004495a9","hash":"6030480abb3cfd79e536fac2326e52e127096ffa"}
,"D:\\inventory-management\\services\\productServices.js": {"path":"D:\\inventory-management\\services\\productServices.js","statementMap":{"0":{"start":{"line":1,"column":11},"end":{"line":1,"column":39}},"1":{"start":{"line":5,"column":19},"end":{"line":19,"column":1}},"2":{"start":{"line":7,"column":1},"end":{"line":17,"column":2}},"3":{"start":{"line":8,"column":22},"end":{"line":13,"column":4}},"4":{"start":{"line":14,"column":2},"end":{"line":14,"column":26}},"5":{"start":{"line":16,"column":2},"end":{"line":16,"column":12}},"6":{"start":{"line":23,"column":19},"end":{"line":37,"column":1}},"7":{"start":{"line":26,"column":1},"end":{"line":36,"column":2}},"8":{"start":{"line":27,"column":2},"end":{"line":27,"column":23}},"9":{"start":{"line":28,"column":13},"end":{"line":28,"column":50}},"10":{"start":{"line":29,"column":19},"end":{"line":32,"column":4}},"11":{"start":{"line":31,"column":3},"end":{"line":31,"column":16}},"12":{"start":{"line":33,"column":2},"end":{"line":33,"column":17}},"13":{"start":{"line":35,"column":1},"end":{"line":35,"column":11}},"14":{"start":{"line":41,"column":22},"end":{"line":64,"column":1}},"15":{"start":{"line":42,"column":1},"end":{"line":63,"column":2}},"16":{"start":{"line":44,"column":22},"end":{"line":57,"column":4}},"17":{"start":{"line":56,"column":3},"end":{"line":56,"column":16}},"18":{"start":{"line":58,"column":2},"end":{"line":58,"column":37}},"19":{"start":{"line":59,"column":2},"end":{"line":59,"column":20}},"20":{"start":{"line":61,"column":2},"end":{"line":61,"column":27}},"21":{"start":{"line":62,"column":2},"end":{"line":62,"column":12}},"22":{"start":{"line":66,"column":22},"end":{"line":75,"column":1}},"23":{"start":{"line":67,"column":1},"end":{"line":74,"column":2}},"24":{"start":{"line":68,"column":18},"end":{"line":70,"column":4}},"25":{"start":{"line":69,"column":3},"end":{"line":69,"column":16}},"26":{"start":{"line":71,"column":2},"end":{"line":71,"column":16}},"27":{"start":{"line":73,"column":2},"end":{"line":73,"column":12}},"28":{"start":{"line":78,"column":0},"end":{"line":83,"column":1}}},"fnMap":{"0":{"name":"(anonymous_0)","decl":{"start":{"line":5,"column":19},"end":{"line":5,"column":20}},"loc":{"start":{"line":5,"column":45},"end":{"line":19,"column":1}},"line":5},"1":{"name":"(anonymous_1)","decl":{"start":{"line":23,"column":19},"end":{"line":23,"column":20}},"loc":{"start":{"line":25,"column":5},"end":{"line":37,"column":1}},"line":25},"2":{"name":"(anonymous_2)","decl":{"start":{"line":30,"column":8},"end":{"line":30,"column":9}},"loc":{"start":{"line":30,"column":20},"end":{"line":32,"column":3}},"line":30},"3":{"name":"(anonymous_3)","decl":{"start":{"line":41,"column":22},"end":{"line":41,"column":23}},"loc":{"start":{"line":41,"column":52},"end":{"line":64,"column":1}},"line":41},"4":{"name":"(anonymous_4)","decl":{"start":{"line":55,"column":9},"end":{"line":55,"column":10}},"loc":{"start":{"line":55,"column":21},"end":{"line":57,"column":3}},"line":55},"5":{"name":"(anonymous_5)","decl":{"start":{"line":66,"column":22},"end":{"line":66,"column":23}},"loc":{"start":{"line":66,"column":36},"end":{"line":75,"column":1}},"line":66},"6":{"name":"(anonymous_6)","decl":{"start":{"line":68,"column":68},"end":{"line":68,"column":69}},"loc":{"start":{"line":68,"column":80},"end":{"line":70,"column":3}},"line":68}},"branchMap":{},"s":{"0":1,"1":1,"2":1,"3":1,"4":1,"5":0,"6":1,"7":0,"8":0,"9":0,"10":0,"11":0,"12":0,"13":0,"14":1,"15":0,"16":0,"17":0,"18":0,"19":0,"20":0,"21":0,"22":1,"23":0,"24":0,"25":0,"26":0,"27":0,"28":1},"f":{"0":1,"1":0,"2":0,"3":0,"4":0,"5":0,"6":0},"b":{},"_coverageSchema":"1a1c01bbd47fc00a2c39e90264f33305004495a9","hash":"cdf992f437e5035c8202b7f2edb43a669ebf7c00"}
}
