TN:
SF:db\dbConfig.js
FN:3,(anonymous_0)
FNF:1
FNH:1
FNDA:1,(anonymous_0)
DA:1,1
DA:3,1
DA:5,1
DA:36,1
DA:55,1
DA:74,1
DA:75,1
DA:77,1
DA:78,1
DA:80,1
DA:81,1
DA:83,1
LF:12
LH:12
BRF:0
BRH:0
end_of_record
TN:
SF:services\getFeaturesCategories.js
FN:6,(anonymous_0)
FN:7,(anonymous_1)
FNF:2
FNH:2
FNDA:1,(anonymous_0)
FNDA:1,(anonymous_1)
DA:2,1
DA:6,1
DA:7,1
DA:8,1
DA:9,1
DA:10,1
DA:13,1
DA:18,1
DA:21,0
DA:28,1
LF:10
LH:9
BRF:0
BRH:0
end_of_record
TN:
SF:services\productServices.js
FN:5,(anonymous_0)
FN:23,(anonymous_1)
FN:30,(anonymous_2)
FN:41,(anonymous_3)
FN:55,(anonymous_4)
FN:66,(anonymous_5)
FN:68,(anonymous_6)
FNF:7
FNH:1
FNDA:1,(anonymous_0)
FNDA:0,(anonymous_1)
FNDA:0,(anonymous_2)
FNDA:0,(anonymous_3)
FNDA:0,(anonymous_4)
FNDA:0,(anonymous_5)
FNDA:0,(anonymous_6)
DA:1,1
DA:5,1
DA:7,1
DA:8,1
DA:14,1
DA:16,0
DA:23,1
DA:26,0
DA:27,0
DA:28,0
DA:29,0
DA:31,0
DA:33,0
DA:35,0
DA:41,1
DA:42,0
DA:44,0
DA:56,0
DA:58,0
DA:59,0
DA:61,0
DA:62,0
DA:66,1
DA:67,0
DA:68,0
DA:69,0
DA:71,0
DA:73,0
DA:78,1
LF:29
LH:9
BRF:0
BRH:0
end_of_record
